[ 2016-07-11T22:45:14+08:00 ] ::1 /eMarket/index.php/Home/Index/index
INFO: [ app_init ] --START--
INFO: Run Behavior\BuildLiteBehavior [ RunTime:0.000050s ]
INFO: [ app_init ] --END-- [ RunTime:0.001157s ]
INFO: [ app_begin ] --START--
INFO: Run Behavior\ReadHtmlCacheBehavior [ RunTime:0.001234s ]
INFO: [ app_begin ] --END-- [ RunTime:0.001529s ]
INFO: [ view_parse ] --START--
INFO: [ template_filter ] --START--
INFO: Run Behavior\ContentReplaceBehavior [ RunTime:0.000262s ]
INFO: [ template_filter ] --END-- [ RunTime:0.000400s ]
INFO: Run Behavior\ParseTemplateBehavior [ RunTime:0.019488s ]
INFO: [ view_parse ] --END-- [ RunTime:0.019666s ]
INFO: [ view_filter ] --START--
INFO: Run Behavior\WriteHtmlCacheBehavior [ RunTime:0.000875s ]
INFO: [ view_filter ] --END-- [ RunTime:0.001009s ]
INFO: [ app_end ] --START--
INFO: Run Behavior\ShowPageTraceBehavior [ RunTime:0.001501s ]
INFO: [ app_end ] --END-- [ RunTime:0.001856s ]

[ 2016-07-11T22:45:15+08:00 ] ::1 /eMarket/index.php/Home/Index/side
INFO: [ app_init ] --START--
INFO: Run Behavior\BuildLiteBehavior [ RunTime:0.000025s ]
INFO: [ app_init ] --END-- [ RunTime:0.000610s ]
INFO: [ app_begin ] --START--
INFO: Run Behavior\ReadHtmlCacheBehavior [ RunTime:0.000727s ]
INFO: [ app_begin ] --END-- [ RunTime:0.000871s ]
SQL: SHOW COLUMNS FROM `system` [ RunTime:0.0049s ]
SQL: SELECT * FROM `system` WHERE `guidea` = '水果'  [ RunTime:0.0006s ]
SQL: SELECT * FROM `system` WHERE `guidea` = '水果' GROUP BY guideb ORDER BY sysid asc  [ RunTime:0.0008s ]
SQL: SELECT * FROM `system` WHERE `guideb` = '苹果' ORDER BY sysid asc  [ RunTime:0.0005s ]
SQL: SELECT * FROM `system` WHERE `guideb` = '香蕉' ORDER BY sysid asc  [ RunTime:0.0007s ]
SQL: SELECT * FROM `system` WHERE `guideb` = '桃子' ORDER BY sysid asc  [ RunTime:0.0006s ]
SQL: SELECT * FROM `system` WHERE `guideb` = '樱桃' ORDER BY sysid asc  [ RunTime:0.0006s ]
SQL: SELECT * FROM `system` WHERE `guideb` = '西瓜' ORDER BY sysid asc  [ RunTime:0.0005s ]
SQL: SELECT * FROM `system` WHERE `guideb` = '橘子' ORDER BY sysid asc  [ RunTime:0.0004s ]
SQL: SELECT * FROM `system` WHERE `guideb` = '梨子' ORDER BY sysid asc  [ RunTime:0.0005s ]

[ 2016-07-11T22:45:19+08:00 ] ::1 /eMarket/index.php/Home/Index/index
INFO: [ app_init ] --START--
INFO: Run Behavior\BuildLiteBehavior [ RunTime:0.000029s ]
INFO: [ app_init ] --END-- [ RunTime:0.000727s ]
INFO: [ app_begin ] --START--
INFO: Run Behavior\ReadHtmlCacheBehavior [ RunTime:0.000688s ]
INFO: [ app_begin ] --END-- [ RunTime:0.000807s ]
INFO: [ view_parse ] --START--
INFO: [ template_filter ] --START--
INFO: Run Behavior\ContentReplaceBehavior [ RunTime:0.000254s ]
INFO: [ template_filter ] --END-- [ RunTime:0.000386s ]
INFO: Run Behavior\ParseTemplateBehavior [ RunTime:0.014153s ]
INFO: [ view_parse ] --END-- [ RunTime:0.014286s ]
INFO: [ view_filter ] --START--
INFO: Run Behavior\WriteHtmlCacheBehavior [ RunTime:0.000513s ]
INFO: [ view_filter ] --END-- [ RunTime:0.000621s ]
INFO: [ app_end ] --START--
INFO: Run Behavior\ShowPageTraceBehavior [ RunTime:0.000839s ]
INFO: [ app_end ] --END-- [ RunTime:0.000973s ]

[ 2016-07-11T22:45:23+08:00 ] ::1 /eMarket/index.php/Home/Index/index
INFO: [ app_init ] --START--
INFO: Run Behavior\BuildLiteBehavior [ RunTime:0.000073s ]
INFO: [ app_init ] --END-- [ RunTime:0.001291s ]
INFO: [ app_begin ] --START--
INFO: Run Behavior\ReadHtmlCacheBehavior [ RunTime:0.000804s ]
INFO: [ app_begin ] --END-- [ RunTime:0.000947s ]
INFO: [ view_parse ] --START--
INFO: [ template_filter ] --START--
INFO: Run Behavior\ContentReplaceBehavior [ RunTime:0.000317s ]
INFO: [ template_filter ] --END-- [ RunTime:0.000473s ]
INFO: Run Behavior\ParseTemplateBehavior [ RunTime:0.013625s ]
INFO: [ view_parse ] --END-- [ RunTime:0.013770s ]
INFO: [ view_filter ] --START--
INFO: Run Behavior\WriteHtmlCacheBehavior [ RunTime:0.000512s ]
INFO: [ view_filter ] --END-- [ RunTime:0.000622s ]
INFO: [ app_end ] --START--
INFO: Run Behavior\ShowPageTraceBehavior [ RunTime:0.000883s ]
INFO: [ app_end ] --END-- [ RunTime:0.001024s ]

[ 2016-07-11T22:45:28+08:00 ] ::1 /eMarket/index.php/Home/Index/side
INFO: [ app_init ] --START--
INFO: Run Behavior\BuildLiteBehavior [ RunTime:0.000031s ]
INFO: [ app_init ] --END-- [ RunTime:0.000794s ]
INFO: [ app_begin ] --START--
INFO: Run Behavior\ReadHtmlCacheBehavior [ RunTime:0.000817s ]
INFO: [ app_begin ] --END-- [ RunTime:0.000966s ]
SQL: SHOW COLUMNS FROM `system` [ RunTime:0.0044s ]
SQL: SELECT * FROM `system` WHERE `guidea` = '冷冻食饮'  [ RunTime:0.0006s ]
SQL: SELECT * FROM `system` WHERE `guidea` = '冷冻食饮' GROUP BY guideb ORDER BY sysid asc  [ RunTime:0.0007s ]
SQL: SELECT * FROM `system` WHERE `guideb` = '冰激凌' ORDER BY sysid asc  [ RunTime:0.0006s ]
SQL: SELECT * FROM `system` WHERE `guideb` = '酸奶' ORDER BY sysid asc  [ RunTime:0.0007s ]
SQL: SELECT * FROM `system` WHERE `guideb` = '冰棒' ORDER BY sysid asc  [ RunTime:0.0006s ]
SQL: SELECT * FROM `system` WHERE `guideb` = '冷冻速食' ORDER BY sysid asc  [ RunTime:0.0005s ]

[ 2016-07-11T22:45:28+08:00 ] ::1 /eMarket/index.php/Home/Index/side
INFO: [ app_init ] --START--
INFO: Run Behavior\BuildLiteBehavior [ RunTime:0.000027s ]
INFO: [ app_init ] --END-- [ RunTime:0.000641s ]
INFO: [ app_begin ] --START--
INFO: Run Behavior\ReadHtmlCacheBehavior [ RunTime:0.000651s ]
INFO: [ app_begin ] --END-- [ RunTime:0.000792s ]
SQL: SHOW COLUMNS FROM `system` [ RunTime:0.0049s ]
SQL: SELECT * FROM `system` WHERE `guidea` = '禽类蛋品'  [ RunTime:0.0006s ]
SQL: SELECT * FROM `system` WHERE `guidea` = '禽类蛋品' GROUP BY guideb ORDER BY sysid asc  [ RunTime:0.0007s ]
SQL: SELECT * FROM `system` WHERE `guideb` = '鸡' ORDER BY sysid asc  [ RunTime:0.0005s ]
SQL: SELECT * FROM `system` WHERE `guideb` = '鸭' ORDER BY sysid asc  [ RunTime:0.0005s ]
SQL: SELECT * FROM `system` WHERE `guideb` = '鹅' ORDER BY sysid asc  [ RunTime:0.0005s ]
SQL: SELECT * FROM `system` WHERE `guideb` = '蛋类' ORDER BY sysid asc  [ RunTime:0.0006s ]

[ 2016-07-11T22:45:28+08:00 ] ::1 /eMarket/index.php/Home/Index/side
INFO: [ app_init ] --START--
INFO: Run Behavior\BuildLiteBehavior [ RunTime:0.000066s ]
INFO: [ app_init ] --END-- [ RunTime:0.001147s ]
INFO: [ app_begin ] --START--
INFO: Run Behavior\ReadHtmlCacheBehavior [ RunTime:0.000962s ]
INFO: [ app_begin ] --END-- [ RunTime:0.001136s ]
SQL: SHOW COLUMNS FROM `system` [ RunTime:0.0065s ]
SQL: SELECT * FROM `system` WHERE `guidea` = '海鲜水产'  [ RunTime:0.0006s ]
SQL: SELECT * FROM `system` WHERE `guidea` = '海鲜水产' GROUP BY guideb ORDER BY sysid asc  [ RunTime:0.0010s ]
SQL: SELECT * FROM `system` WHERE `guideb` = '虾类' ORDER BY sysid asc  [ RunTime:0.0005s ]
SQL: SELECT * FROM `system` WHERE `guideb` = '鱼类' ORDER BY sysid asc  [ RunTime:0.0004s ]
SQL: SELECT * FROM `system` WHERE `guideb` = '蟹类' ORDER BY sysid asc  [ RunTime:0.0004s ]
SQL: SELECT * FROM `system` WHERE `guideb` = '贝类' ORDER BY sysid asc  [ RunTime:0.0005s ]
SQL: SELECT * FROM `system` WHERE `guideb` = '菜类' ORDER BY sysid asc  [ RunTime:0.0005s ]

[ 2016-07-11T22:45:28+08:00 ] ::1 /eMarket/index.php/Home/Index/side
INFO: [ app_init ] --START--
INFO: Run Behavior\BuildLiteBehavior [ RunTime:0.000030s ]
INFO: [ app_init ] --END-- [ RunTime:0.000582s ]
INFO: [ app_begin ] --START--
INFO: Run Behavior\ReadHtmlCacheBehavior [ RunTime:0.000786s ]
INFO: [ app_begin ] --END-- [ RunTime:0.000929s ]
SQL: SHOW COLUMNS FROM `system` [ RunTime:0.0055s ]
SQL: SELECT * FROM `system` WHERE `guidea` = '小吃零食'  [ RunTime:0.0006s ]
SQL: SELECT * FROM `system` WHERE `guidea` = '小吃零食' GROUP BY guideb ORDER BY sysid asc  [ RunTime:0.0007s ]
SQL: SELECT * FROM `system` WHERE `guideb` = '辣条' ORDER BY sysid asc  [ RunTime:0.0007s ]
SQL: SELECT * FROM `system` WHERE `guideb` = '薯片' ORDER BY sysid asc  [ RunTime:0.0012s ]
SQL: SELECT * FROM `system` WHERE `guideb` = '饼干' ORDER BY sysid asc  [ RunTime:0.0006s ]
SQL: SELECT * FROM `system` WHERE `guideb` = '面包' ORDER BY sysid asc  [ RunTime:0.0005s ]
SQL: SELECT * FROM `system` WHERE `guideb` = '糖' ORDER BY sysid asc  [ RunTime:0.0006s ]

[ 2016-07-11T22:45:29+08:00 ] ::1 /eMarket/index.php/Home/Index/side
INFO: [ app_init ] --START--
INFO: Run Behavior\BuildLiteBehavior [ RunTime:0.000053s ]
INFO: [ app_init ] --END-- [ RunTime:0.000853s ]
INFO: [ app_begin ] --START--
INFO: Run Behavior\ReadHtmlCacheBehavior [ RunTime:0.000632s ]
INFO: [ app_begin ] --END-- [ RunTime:0.000747s ]
SQL: SHOW COLUMNS FROM `system` [ RunTime:0.0040s ]
SQL: SELECT * FROM `system` WHERE `guidea` = '家常菜'  [ RunTime:0.0006s ]
SQL: SELECT * FROM `system` WHERE `guidea` = '家常菜' GROUP BY guideb ORDER BY sysid asc  [ RunTime:0.0007s ]
SQL: SELECT * FROM `system` WHERE `guideb` = '青菜类' ORDER BY sysid asc  [ RunTime:0.0005s ]
SQL: SELECT * FROM `system` WHERE `guideb` = '瓜类' ORDER BY sysid asc  [ RunTime:0.0005s ]
SQL: SELECT * FROM `system` WHERE `guideb` = '蘑菇类' ORDER BY sysid asc  [ RunTime:0.0009s ]
SQL: SELECT * FROM `system` WHERE `guideb` = '腌菜类' ORDER BY sysid asc  [ RunTime:0.0005s ]

[ 2016-07-11T22:45:29+08:00 ] ::1 /eMarket/index.php/Home/Index/side
INFO: [ app_init ] --START--
INFO: Run Behavior\BuildLiteBehavior [ RunTime:0.000066s ]
INFO: [ app_init ] --END-- [ RunTime:0.001878s ]
INFO: [ app_begin ] --START--
INFO: Run Behavior\ReadHtmlCacheBehavior [ RunTime:0.000846s ]
INFO: [ app_begin ] --END-- [ RunTime:0.001005s ]
SQL: SHOW COLUMNS FROM `system` [ RunTime:0.0073s ]
SQL: SELECT * FROM `system` WHERE `guidea` = '小吃零食'  [ RunTime:0.0006s ]
SQL: SELECT * FROM `system` WHERE `guidea` = '小吃零食' GROUP BY guideb ORDER BY sysid asc  [ RunTime:0.0008s ]
SQL: SELECT * FROM `system` WHERE `guideb` = '辣条' ORDER BY sysid asc  [ RunTime:0.0005s ]
SQL: SELECT * FROM `system` WHERE `guideb` = '薯片' ORDER BY sysid asc  [ RunTime:0.0006s ]
SQL: SELECT * FROM `system` WHERE `guideb` = '饼干' ORDER BY sysid asc  [ RunTime:0.0005s ]
SQL: SELECT * FROM `system` WHERE `guideb` = '面包' ORDER BY sysid asc  [ RunTime:0.0005s ]
SQL: SELECT * FROM `system` WHERE `guideb` = '糖' ORDER BY sysid asc  [ RunTime:0.0004s ]

[ 2016-07-11T22:45:29+08:00 ] ::1 /eMarket/index.php/Home/Index/side
INFO: [ app_init ] --START--
INFO: Run Behavior\BuildLiteBehavior [ RunTime:0.000031s ]
INFO: [ app_init ] --END-- [ RunTime:0.000584s ]
INFO: [ app_begin ] --START--
INFO: Run Behavior\ReadHtmlCacheBehavior [ RunTime:0.000583s ]
INFO: [ app_begin ] --END-- [ RunTime:0.000703s ]
SQL: SHOW COLUMNS FROM `system` [ RunTime:0.0048s ]
SQL: SELECT * FROM `system` WHERE `guidea` = '粮油调味'  [ RunTime:0.0005s ]
SQL: SELECT * FROM `system` WHERE `guidea` = '粮油调味' GROUP BY guideb ORDER BY sysid asc  [ RunTime:0.0007s ]
SQL: SELECT * FROM `system` WHERE `guideb` = '食用油' ORDER BY sysid asc  [ RunTime:0.0005s ]
SQL: SELECT * FROM `system` WHERE `guideb` = '调味品' ORDER BY sysid asc  [ RunTime:0.0009s ]
SQL: SELECT * FROM `system` WHERE `guideb` = '方便食品' ORDER BY sysid asc  [ RunTime:0.0005s ]

[ 2016-07-11T22:45:55+08:00 ] ::1 /eMarket/index.php/Home/Index/index
INFO: [ app_init ] --START--
INFO: Run Behavior\BuildLiteBehavior [ RunTime:0.000056s ]
INFO: [ app_init ] --END-- [ RunTime:0.001090s ]
INFO: [ app_begin ] --START--
INFO: Run Behavior\ReadHtmlCacheBehavior [ RunTime:0.000692s ]
INFO: [ app_begin ] --END-- [ RunTime:0.000848s ]
INFO: [ view_parse ] --START--
INFO: [ template_filter ] --START--
INFO: Run Behavior\ContentReplaceBehavior [ RunTime:0.000890s ]
INFO: [ template_filter ] --END-- [ RunTime:0.001693s ]
INFO: Run Behavior\ParseTemplateBehavior [ RunTime:0.014032s ]
INFO: [ view_parse ] --END-- [ RunTime:0.014162s ]
INFO: [ view_filter ] --START--
INFO: Run Behavior\WriteHtmlCacheBehavior [ RunTime:0.000514s ]
INFO: [ view_filter ] --END-- [ RunTime:0.000622s ]
INFO: [ app_end ] --START--
INFO: Run Behavior\ShowPageTraceBehavior [ RunTime:0.000888s ]
INFO: [ app_end ] --END-- [ RunTime:0.001074s ]

[ 2016-07-11T22:45:55+08:00 ] ::1 /eMarket/index.php/Home/Index/side
INFO: [ app_init ] --START--
INFO: Run Behavior\BuildLiteBehavior [ RunTime:0.000044s ]
INFO: [ app_init ] --END-- [ RunTime:0.000811s ]
INFO: [ app_begin ] --START--
INFO: Run Behavior\ReadHtmlCacheBehavior [ RunTime:0.001070s ]
INFO: [ app_begin ] --END-- [ RunTime:0.001240s ]
SQL: SHOW COLUMNS FROM `system` [ RunTime:0.0060s ]
SQL: SELECT * FROM `system` WHERE `guidea` = '小吃零食'  [ RunTime:0.0007s ]
SQL: SELECT * FROM `system` WHERE `guidea` = '小吃零食' GROUP BY guideb ORDER BY sysid asc  [ RunTime:0.0008s ]
SQL: SELECT * FROM `system` WHERE `guideb` = '辣条' ORDER BY sysid asc  [ RunTime:0.0005s ]
SQL: SELECT * FROM `system` WHERE `guideb` = '薯片' ORDER BY sysid asc  [ RunTime:0.0005s ]
SQL: SELECT * FROM `system` WHERE `guideb` = '饼干' ORDER BY sysid asc  [ RunTime:0.0006s ]
SQL: SELECT * FROM `system` WHERE `guideb` = '面包' ORDER BY sysid asc  [ RunTime:0.0006s ]
SQL: SELECT * FROM `system` WHERE `guideb` = '糖' ORDER BY sysid asc  [ RunTime:0.0005s ]

[ 2016-07-11T22:45:56+08:00 ] ::1 /eMarket/index.php/Home/Index/side
INFO: [ app_init ] --START--
INFO: Run Behavior\BuildLiteBehavior [ RunTime:0.000037s ]
INFO: [ app_init ] --END-- [ RunTime:0.000791s ]
INFO: [ app_begin ] --START--
INFO: Run Behavior\ReadHtmlCacheBehavior [ RunTime:0.000739s ]
INFO: [ app_begin ] --END-- [ RunTime:0.000845s ]
SQL: SHOW COLUMNS FROM `system` [ RunTime:0.0052s ]
SQL: SELECT * FROM `system` WHERE `guidea` = '水果'  [ RunTime:0.0006s ]
SQL: SELECT * FROM `system` WHERE `guidea` = '水果' GROUP BY guideb ORDER BY sysid asc  [ RunTime:0.0007s ]
SQL: SELECT * FROM `system` WHERE `guideb` = '苹果' ORDER BY sysid asc  [ RunTime:0.0005s ]
SQL: SELECT * FROM `system` WHERE `guideb` = '香蕉' ORDER BY sysid asc  [ RunTime:0.0005s ]
SQL: SELECT * FROM `system` WHERE `guideb` = '桃子' ORDER BY sysid asc  [ RunTime:0.0006s ]
SQL: SELECT * FROM `system` WHERE `guideb` = '樱桃' ORDER BY sysid asc  [ RunTime:0.0005s ]
SQL: SELECT * FROM `system` WHERE `guideb` = '西瓜' ORDER BY sysid asc  [ RunTime:0.0006s ]
SQL: SELECT * FROM `system` WHERE `guideb` = '橘子' ORDER BY sysid asc  [ RunTime:0.0006s ]
SQL: SELECT * FROM `system` WHERE `guideb` = '梨子' ORDER BY sysid asc  [ RunTime:0.0005s ]

[ 2016-07-11T22:45:59+08:00 ] ::1 /eMarket/index.php/Home/Index/side
INFO: [ app_init ] --START--
INFO: Run Behavior\BuildLiteBehavior [ RunTime:0.000035s ]
INFO: [ app_init ] --END-- [ RunTime:0.000661s ]
INFO: [ app_begin ] --START--
INFO: Run Behavior\ReadHtmlCacheBehavior [ RunTime:0.000816s ]
INFO: [ app_begin ] --END-- [ RunTime:0.000995s ]
SQL: SHOW COLUMNS FROM `system` [ RunTime:0.0044s ]
SQL: SELECT * FROM `system` WHERE `guidea` = '进口食品'  [ RunTime:0.0006s ]
SQL: SELECT * FROM `system` WHERE `guidea` = '进口食品' GROUP BY guideb ORDER BY sysid asc  [ RunTime:0.0010s ]
SQL: SELECT * FROM `system` WHERE `guideb` = '巧克力' ORDER BY sysid asc  [ RunTime:0.0006s ]
SQL: SELECT * FROM `system` WHERE `guideb` = '奶粉' ORDER BY sysid asc  [ RunTime:0.0005s ]
SQL: SELECT * FROM `system` WHERE `guideb` = '饼干' ORDER BY sysid asc  [ RunTime:0.0004s ]

[ 2016-07-11T22:45:59+08:00 ] ::1 /eMarket/index.php/Home/Index/side
INFO: [ app_init ] --START--
INFO: Run Behavior\BuildLiteBehavior [ RunTime:0.000025s ]
INFO: [ app_init ] --END-- [ RunTime:0.000626s ]
INFO: [ app_begin ] --START--
INFO: Run Behavior\ReadHtmlCacheBehavior [ RunTime:0.000608s ]
INFO: [ app_begin ] --END-- [ RunTime:0.000710s ]
SQL: SHOW COLUMNS FROM `system` [ RunTime:0.0046s ]
SQL: SELECT * FROM `system` WHERE `guidea` = '地方特产'  [ RunTime:0.0006s ]
SQL: SELECT * FROM `system` WHERE `guidea` = '地方特产' GROUP BY guideb ORDER BY sysid asc  [ RunTime:0.0008s ]
SQL: SELECT * FROM `system` WHERE `guideb` = '武汉' ORDER BY sysid asc  [ RunTime:0.0005s ]
SQL: SELECT * FROM `system` WHERE `guideb` = '北京' ORDER BY sysid asc  [ RunTime:0.0006s ]
SQL: SELECT * FROM `system` WHERE `guideb` = '上海' ORDER BY sysid asc  [ RunTime:0.0005s ]
SQL: SELECT * FROM `system` WHERE `guideb` = '西安' ORDER BY sysid asc  [ RunTime:0.0005s ]
SQL: SELECT * FROM `system` WHERE `guideb` = '成都' ORDER BY sysid asc  [ RunTime:0.0005s ]
SQL: SELECT * FROM `system` WHERE `guideb` = '杭州' ORDER BY sysid asc  [ RunTime:0.0007s ]
SQL: SELECT * FROM `system` WHERE `guideb` = '广州' ORDER BY sysid asc  [ RunTime:0.0005s ]
SQL: SELECT * FROM `system` WHERE `guideb` = '南京' ORDER BY sysid asc  [ RunTime:0.0008s ]

[ 2016-07-11T22:45:59+08:00 ] ::1 /eMarket/index.php/Home/Index/side
INFO: [ app_init ] --START--
INFO: Run Behavior\BuildLiteBehavior [ RunTime:0.000025s ]
INFO: [ app_init ] --END-- [ RunTime:0.000587s ]
INFO: [ app_begin ] --START--
INFO: Run Behavior\ReadHtmlCacheBehavior [ RunTime:0.000717s ]
INFO: [ app_begin ] --END-- [ RunTime:0.000831s ]
SQL: SHOW COLUMNS FROM `system` [ RunTime:0.0059s ]
SQL: SELECT * FROM `system` WHERE `guidea` = '饮料冲调'  [ RunTime:0.0006s ]
SQL: SELECT * FROM `system` WHERE `guidea` = '饮料冲调' GROUP BY guideb ORDER BY sysid asc  [ RunTime:0.0008s ]
SQL: SELECT * FROM `system` WHERE `guideb` = '茶饮' ORDER BY sysid asc  [ RunTime:0.0007s ]
SQL: SELECT * FROM `system` WHERE `guideb` = '咖啡' ORDER BY sysid asc  [ RunTime:0.0006s ]
SQL: SELECT * FROM `system` WHERE `guideb` = '奶茶' ORDER BY sysid asc  [ RunTime:0.0004s ]
SQL: SELECT * FROM `system` WHERE `guideb` = '可乐' ORDER BY sysid asc  [ RunTime:0.0005s ]
SQL: SELECT * FROM `system` WHERE `guideb` = '橙汁' ORDER BY sysid asc  [ RunTime:0.0005s ]
SQL: SELECT * FROM `system` WHERE `guideb` = '纯净水' ORDER BY sysid asc  [ RunTime:0.0005s ]

[ 2016-07-11T22:46:00+08:00 ] ::1 /eMarket/index.php/Home/Index/side
INFO: [ app_init ] --START--
INFO: Run Behavior\BuildLiteBehavior [ RunTime:0.000032s ]
INFO: [ app_init ] --END-- [ RunTime:0.000685s ]
INFO: [ app_begin ] --START--
INFO: Run Behavior\ReadHtmlCacheBehavior [ RunTime:0.000650s ]
INFO: [ app_begin ] --END-- [ RunTime:0.000751s ]
SQL: SHOW COLUMNS FROM `system` [ RunTime:0.0056s ]
SQL: SELECT * FROM `system` WHERE `guidea` = '粮油调味'  [ RunTime:0.0005s ]
SQL: SELECT * FROM `system` WHERE `guidea` = '粮油调味' GROUP BY guideb ORDER BY sysid asc  [ RunTime:0.0006s ]
SQL: SELECT * FROM `system` WHERE `guideb` = '食用油' ORDER BY sysid asc  [ RunTime:0.0005s ]
SQL: SELECT * FROM `system` WHERE `guideb` = '调味品' ORDER BY sysid asc  [ RunTime:0.0005s ]
SQL: SELECT * FROM `system` WHERE `guideb` = '方便食品' ORDER BY sysid asc  [ RunTime:0.0004s ]

[ 2016-07-11T22:50:31+08:00 ] ::1 /eMarket/index.php/Home/Index/index
INFO: [ app_init ] --START--
INFO: Run Behavior\BuildLiteBehavior [ RunTime:0.000028s ]
INFO: [ app_init ] --END-- [ RunTime:0.000651s ]
INFO: [ app_begin ] --START--
INFO: Run Behavior\ReadHtmlCacheBehavior [ RunTime:0.000900s ]
INFO: [ app_begin ] --END-- [ RunTime:0.001022s ]
INFO: [ view_parse ] --START--
INFO: [ template_filter ] --START--
INFO: Run Behavior\ContentReplaceBehavior [ RunTime:0.000358s ]
INFO: [ template_filter ] --END-- [ RunTime:0.000661s ]
INFO: Run Behavior\ParseTemplateBehavior [ RunTime:0.016435s ]
INFO: [ view_parse ] --END-- [ RunTime:0.016605s ]
INFO: [ view_filter ] --START--
INFO: Run Behavior\WriteHtmlCacheBehavior [ RunTime:0.000594s ]
INFO: [ view_filter ] --END-- [ RunTime:0.000739s ]
INFO: [ app_end ] --START--
INFO: Run Behavior\ShowPageTraceBehavior [ RunTime:0.000947s ]
INFO: [ app_end ] --END-- [ RunTime:0.001178s ]

[ 2016-07-11T22:51:22+08:00 ] ::1 /eMarket/index.php/Home/Index/index
INFO: [ app_init ] --START--
INFO: Run Behavior\BuildLiteBehavior [ RunTime:0.000046s ]
INFO: [ app_init ] --END-- [ RunTime:0.000735s ]
INFO: [ app_begin ] --START--
INFO: Run Behavior\ReadHtmlCacheBehavior [ RunTime:0.000907s ]
INFO: [ app_begin ] --END-- [ RunTime:0.001151s ]
INFO: [ view_parse ] --START--
INFO: [ template_filter ] --START--
INFO: Run Behavior\ContentReplaceBehavior [ RunTime:0.000281s ]
INFO: [ template_filter ] --END-- [ RunTime:0.000477s ]
INFO: Run Behavior\ParseTemplateBehavior [ RunTime:0.018994s ]
INFO: [ view_parse ] --END-- [ RunTime:0.019189s ]
INFO: [ view_filter ] --START--
INFO: Run Behavior\WriteHtmlCacheBehavior [ RunTime:0.000682s ]
INFO: [ view_filter ] --END-- [ RunTime:0.000913s ]
INFO: [ app_end ] --START--
INFO: Run Behavior\ShowPageTraceBehavior [ RunTime:0.001124s ]
INFO: [ app_end ] --END-- [ RunTime:0.001362s ]

[ 2016-07-11T22:51:23+08:00 ] ::1 /eMarket/index.php/Home/Index/side
INFO: [ app_init ] --START--
INFO: Run Behavior\BuildLiteBehavior [ RunTime:0.000027s ]
INFO: [ app_init ] --END-- [ RunTime:0.000682s ]
INFO: [ app_begin ] --START--
INFO: Run Behavior\ReadHtmlCacheBehavior [ RunTime:0.000737s ]
INFO: [ app_begin ] --END-- [ RunTime:0.000846s ]
SQL: SHOW COLUMNS FROM `system` [ RunTime:0.0288s ]
SQL: SELECT * FROM `system` WHERE `guidea` = '家常菜'  [ RunTime:0.0006s ]
SQL: SELECT * FROM `system` WHERE `guidea` = '家常菜' GROUP BY guideb ORDER BY sysid asc  [ RunTime:0.0008s ]
SQL: SELECT * FROM `system` WHERE `guideb` = '青菜类' ORDER BY sysid asc  [ RunTime:0.0005s ]
SQL: SELECT * FROM `system` WHERE `guideb` = '瓜类' ORDER BY sysid asc  [ RunTime:0.0006s ]
SQL: SELECT * FROM `system` WHERE `guideb` = '蘑菇类' ORDER BY sysid asc  [ RunTime:0.0004s ]
SQL: SELECT * FROM `system` WHERE `guideb` = '腌菜类' ORDER BY sysid asc  [ RunTime:0.0005s ]

[ 2016-07-11T22:51:31+08:00 ] ::1 /eMarket/index.php/Home/Index/side
INFO: [ app_init ] --START--
INFO: Run Behavior\BuildLiteBehavior [ RunTime:0.000027s ]
INFO: [ app_init ] --END-- [ RunTime:0.000722s ]
INFO: [ app_begin ] --START--
INFO: Run Behavior\ReadHtmlCacheBehavior [ RunTime:0.000767s ]
INFO: [ app_begin ] --END-- [ RunTime:0.000930s ]
SQL: SHOW COLUMNS FROM `system` [ RunTime:0.0055s ]
SQL: SELECT * FROM `system` WHERE `guidea` = '小吃零食'  [ RunTime:0.0006s ]
SQL: SELECT * FROM `system` WHERE `guidea` = '小吃零食' GROUP BY guideb ORDER BY sysid asc  [ RunTime:0.0008s ]
SQL: SELECT * FROM `system` WHERE `guideb` = '辣条' ORDER BY sysid asc  [ RunTime:0.0006s ]
SQL: SELECT * FROM `system` WHERE `guideb` = '薯片' ORDER BY sysid asc  [ RunTime:0.0006s ]
SQL: SELECT * FROM `system` WHERE `guideb` = '饼干' ORDER BY sysid asc  [ RunTime:0.0005s ]
SQL: SELECT * FROM `system` WHERE `guideb` = '面包' ORDER BY sysid asc  [ RunTime:0.0005s ]
SQL: SELECT * FROM `system` WHERE `guideb` = '糖' ORDER BY sysid asc  [ RunTime:0.0007s ]

[ 2016-07-11T22:51:31+08:00 ] ::1 /eMarket/index.php/Home/Index/side
INFO: [ app_init ] --START--
INFO: Run Behavior\BuildLiteBehavior [ RunTime:0.000027s ]
INFO: [ app_init ] --END-- [ RunTime:0.000685s ]
INFO: [ app_begin ] --START--
INFO: Run Behavior\ReadHtmlCacheBehavior [ RunTime:0.000649s ]
INFO: [ app_begin ] --END-- [ RunTime:0.000772s ]
SQL: SHOW COLUMNS FROM `system` [ RunTime:0.0047s ]
SQL: SELECT * FROM `system` WHERE `guidea` = '家常菜'  [ RunTime:0.0006s ]
SQL: SELECT * FROM `system` WHERE `guidea` = '家常菜' GROUP BY guideb ORDER BY sysid asc  [ RunTime:0.0006s ]
SQL: SELECT * FROM `system` WHERE `guideb` = '青菜类' ORDER BY sysid asc  [ RunTime:0.0005s ]
SQL: SELECT * FROM `system` WHERE `guideb` = '瓜类' ORDER BY sysid asc  [ RunTime:0.0005s ]
SQL: SELECT * FROM `system` WHERE `guideb` = '蘑菇类' ORDER BY sysid asc  [ RunTime:0.0010s ]
SQL: SELECT * FROM `system` WHERE `guideb` = '腌菜类' ORDER BY sysid asc  [ RunTime:0.0007s ]

[ 2016-07-11T22:51:31+08:00 ] ::1 /eMarket/index.php/Home/Index/side
INFO: [ app_init ] --START--
INFO: Run Behavior\BuildLiteBehavior [ RunTime:0.000026s ]
INFO: [ app_init ] --END-- [ RunTime:0.000670s ]
INFO: [ app_begin ] --START--
INFO: Run Behavior\ReadHtmlCacheBehavior [ RunTime:0.000883s ]
INFO: [ app_begin ] --END-- [ RunTime:0.001053s ]
SQL: SHOW COLUMNS FROM `system` [ RunTime:0.0053s ]
SQL: SELECT * FROM `system` WHERE `guidea` = '水果'  [ RunTime:0.0006s ]
SQL: SELECT * FROM `system` WHERE `guidea` = '水果' GROUP BY guideb ORDER BY sysid asc  [ RunTime:0.0008s ]
SQL: SELECT * FROM `system` WHERE `guideb` = '苹果' ORDER BY sysid asc  [ RunTime:0.0005s ]
SQL: SELECT * FROM `system` WHERE `guideb` = '香蕉' ORDER BY sysid asc  [ RunTime:0.0005s ]
SQL: SELECT * FROM `system` WHERE `guideb` = '桃子' ORDER BY sysid asc  [ RunTime:0.0008s ]
SQL: SELECT * FROM `system` WHERE `guideb` = '樱桃' ORDER BY sysid asc  [ RunTime:0.0005s ]
SQL: SELECT * FROM `system` WHERE `guideb` = '西瓜' ORDER BY sysid asc  [ RunTime:0.0005s ]
SQL: SELECT * FROM `system` WHERE `guideb` = '橘子' ORDER BY sysid asc  [ RunTime:0.0006s ]
SQL: SELECT * FROM `system` WHERE `guideb` = '梨子' ORDER BY sysid asc  [ RunTime:0.0006s ]

[ 2016-07-11T22:51:32+08:00 ] ::1 /eMarket/index.php/Home/Index/side
INFO: [ app_init ] --START--
INFO: Run Behavior\BuildLiteBehavior [ RunTime:0.000025s ]
INFO: [ app_init ] --END-- [ RunTime:0.000609s ]
INFO: [ app_begin ] --START--
INFO: Run Behavior\ReadHtmlCacheBehavior [ RunTime:0.000586s ]
INFO: [ app_begin ] --END-- [ RunTime:0.000700s ]
SQL: SHOW COLUMNS FROM `system` [ RunTime:0.0056s ]
SQL: SELECT * FROM `system` WHERE `guidea` = '家常菜'  [ RunTime:0.0005s ]
SQL: SELECT * FROM `system` WHERE `guidea` = '家常菜' GROUP BY guideb ORDER BY sysid asc  [ RunTime:0.0007s ]
SQL: SELECT * FROM `system` WHERE `guideb` = '青菜类' ORDER BY sysid asc  [ RunTime:0.0005s ]
SQL: SELECT * FROM `system` WHERE `guideb` = '瓜类' ORDER BY sysid asc  [ RunTime:0.0006s ]
SQL: SELECT * FROM `system` WHERE `guideb` = '蘑菇类' ORDER BY sysid asc  [ RunTime:0.0005s ]
SQL: SELECT * FROM `system` WHERE `guideb` = '腌菜类' ORDER BY sysid asc  [ RunTime:0.0005s ]

[ 2016-07-11T22:51:32+08:00 ] ::1 /eMarket/index.php/Home/Index/side
INFO: [ app_init ] --START--
INFO: Run Behavior\BuildLiteBehavior [ RunTime:0.000048s ]
INFO: [ app_init ] --END-- [ RunTime:0.000654s ]
INFO: [ app_begin ] --START--
INFO: Run Behavior\ReadHtmlCacheBehavior [ RunTime:0.000631s ]
INFO: [ app_begin ] --END-- [ RunTime:0.000738s ]
SQL: SHOW COLUMNS FROM `system` [ RunTime:0.0042s ]
SQL: SELECT * FROM `system` WHERE `guidea` = '小吃零食'  [ RunTime:0.0005s ]
SQL: SELECT * FROM `system` WHERE `guidea` = '小吃零食' GROUP BY guideb ORDER BY sysid asc  [ RunTime:0.0007s ]
SQL: SELECT * FROM `system` WHERE `guideb` = '辣条' ORDER BY sysid asc  [ RunTime:0.0005s ]
SQL: SELECT * FROM `system` WHERE `guideb` = '薯片' ORDER BY sysid asc  [ RunTime:0.0006s ]
SQL: SELECT * FROM `system` WHERE `guideb` = '饼干' ORDER BY sysid asc  [ RunTime:0.0005s ]
SQL: SELECT * FROM `system` WHERE `guideb` = '面包' ORDER BY sysid asc  [ RunTime:0.0006s ]
SQL: SELECT * FROM `system` WHERE `guideb` = '糖' ORDER BY sysid asc  [ RunTime:0.0005s ]

[ 2016-07-11T22:51:32+08:00 ] ::1 /eMarket/index.php/Home/Index/side
INFO: [ app_init ] --START--
INFO: Run Behavior\BuildLiteBehavior [ RunTime:0.000060s ]
INFO: [ app_init ] --END-- [ RunTime:0.000970s ]
INFO: [ app_begin ] --START--
INFO: Run Behavior\ReadHtmlCacheBehavior [ RunTime:0.000804s ]
INFO: [ app_begin ] --END-- [ RunTime:0.000977s ]
SQL: SHOW COLUMNS FROM `system` [ RunTime:0.0048s ]
SQL: SELECT * FROM `system` WHERE `guidea` = '海鲜水产'  [ RunTime:0.0006s ]
SQL: SELECT * FROM `system` WHERE `guidea` = '海鲜水产' GROUP BY guideb ORDER BY sysid asc  [ RunTime:0.0007s ]
SQL: SELECT * FROM `system` WHERE `guideb` = '虾类' ORDER BY sysid asc  [ RunTime:0.0005s ]
SQL: SELECT * FROM `system` WHERE `guideb` = '鱼类' ORDER BY sysid asc  [ RunTime:0.0005s ]
SQL: SELECT * FROM `system` WHERE `guideb` = '蟹类' ORDER BY sysid asc  [ RunTime:0.0005s ]
SQL: SELECT * FROM `system` WHERE `guideb` = '贝类' ORDER BY sysid asc  [ RunTime:0.0005s ]
SQL: SELECT * FROM `system` WHERE `guideb` = '菜类' ORDER BY sysid asc  [ RunTime:0.0006s ]

[ 2016-07-11T22:51:32+08:00 ] ::1 /eMarket/index.php/Home/Index/side
INFO: [ app_init ] --START--
INFO: Run Behavior\BuildLiteBehavior [ RunTime:0.000042s ]
INFO: [ app_init ] --END-- [ RunTime:0.000683s ]
INFO: [ app_begin ] --START--
INFO: Run Behavior\ReadHtmlCacheBehavior [ RunTime:0.000827s ]
INFO: [ app_begin ] --END-- [ RunTime:0.000962s ]
SQL: SHOW COLUMNS FROM `system` [ RunTime:0.0054s ]
SQL: SELECT * FROM `system` WHERE `guidea` = '禽类蛋品'  [ RunTime:0.0006s ]
SQL: SELECT * FROM `system` WHERE `guidea` = '禽类蛋品' GROUP BY guideb ORDER BY sysid asc  [ RunTime:0.0011s ]
SQL: SELECT * FROM `system` WHERE `guideb` = '鸡' ORDER BY sysid asc  [ RunTime:0.0006s ]
SQL: SELECT * FROM `system` WHERE `guideb` = '鸭' ORDER BY sysid asc  [ RunTime:0.0005s ]
SQL: SELECT * FROM `system` WHERE `guideb` = '鹅' ORDER BY sysid asc  [ RunTime:0.0005s ]
SQL: SELECT * FROM `system` WHERE `guideb` = '蛋类' ORDER BY sysid asc  [ RunTime:0.0006s ]

[ 2016-07-11T22:51:32+08:00 ] ::1 /eMarket/index.php/Home/Index/side
INFO: [ app_init ] --START--
INFO: Run Behavior\BuildLiteBehavior [ RunTime:0.000033s ]
INFO: [ app_init ] --END-- [ RunTime:0.000759s ]
INFO: [ app_begin ] --START--
INFO: Run Behavior\ReadHtmlCacheBehavior [ RunTime:0.000835s ]
INFO: [ app_begin ] --END-- [ RunTime:0.001006s ]
SQL: SHOW COLUMNS FROM `system` [ RunTime:0.0044s ]
SQL: SELECT * FROM `system` WHERE `guidea` = '冷冻食饮'  [ RunTime:0.0007s ]
SQL: SELECT * FROM `system` WHERE `guidea` = '冷冻食饮' GROUP BY guideb ORDER BY sysid asc  [ RunTime:0.0007s ]
SQL: SELECT * FROM `system` WHERE `guideb` = '冰激凌' ORDER BY sysid asc  [ RunTime:0.0007s ]
SQL: SELECT * FROM `system` WHERE `guideb` = '酸奶' ORDER BY sysid asc  [ RunTime:0.0005s ]
SQL: SELECT * FROM `system` WHERE `guideb` = '冰棒' ORDER BY sysid asc  [ RunTime:0.0004s ]
SQL: SELECT * FROM `system` WHERE `guideb` = '冷冻速食' ORDER BY sysid asc  [ RunTime:0.0004s ]

[ 2016-07-11T22:51:32+08:00 ] ::1 /eMarket/index.php/Home/Index/side
INFO: [ app_init ] --START--
INFO: Run Behavior\BuildLiteBehavior [ RunTime:0.000031s ]
INFO: [ app_init ] --END-- [ RunTime:0.000782s ]
INFO: [ app_begin ] --START--
INFO: Run Behavior\ReadHtmlCacheBehavior [ RunTime:0.002126s ]
INFO: [ app_begin ] --END-- [ RunTime:0.002434s ]
SQL: SHOW COLUMNS FROM `system` [ RunTime:0.0060s ]
SQL: SELECT * FROM `system` WHERE `guidea` = '中外名酒'  [ RunTime:0.0005s ]
SQL: SELECT * FROM `system` WHERE `guidea` = '中外名酒' GROUP BY guideb ORDER BY sysid asc  [ RunTime:0.0008s ]
SQL: SELECT * FROM `system` WHERE `guideb` = '中国' ORDER BY sysid asc  [ RunTime:0.0005s ]
SQL: SELECT * FROM `system` WHERE `guideb` = '俄罗斯' ORDER BY sysid asc  [ RunTime:0.0005s ]
SQL: SELECT * FROM `system` WHERE `guideb` = '日本' ORDER BY sysid asc  [ RunTime:0.0005s ]
SQL: SELECT * FROM `system` WHERE `guideb` = '美国' ORDER BY sysid asc  [ RunTime:0.0006s ]
SQL: SELECT * FROM `system` WHERE `guideb` = '英法' ORDER BY sysid asc  [ RunTime:0.0005s ]

[ 2016-07-11T22:51:33+08:00 ] ::1 /eMarket/index.php/Home/Index/side
INFO: [ app_init ] --START--
INFO: Run Behavior\BuildLiteBehavior [ RunTime:0.000052s ]
INFO: [ app_init ] --END-- [ RunTime:0.001066s ]
INFO: [ app_begin ] --START--
INFO: Run Behavior\ReadHtmlCacheBehavior [ RunTime:0.000993s ]
INFO: [ app_begin ] --END-- [ RunTime:0.001180s ]
SQL: SHOW COLUMNS FROM `system` [ RunTime:0.0087s ]
SQL: SELECT * FROM `system` WHERE `guidea` = '进口食品'  [ RunTime:0.0007s ]
SQL: SELECT * FROM `system` WHERE `guidea` = '进口食品' GROUP BY guideb ORDER BY sysid asc  [ RunTime:0.0009s ]
SQL: SELECT * FROM `system` WHERE `guideb` = '巧克力' ORDER BY sysid asc  [ RunTime:0.0008s ]
SQL: SELECT * FROM `system` WHERE `guideb` = '奶粉' ORDER BY sysid asc  [ RunTime:0.0008s ]
SQL: SELECT * FROM `system` WHERE `guideb` = '饼干' ORDER BY sysid asc  [ RunTime:0.0007s ]

[ 2016-07-11T22:51:33+08:00 ] ::1 /eMarket/index.php/Home/Index/side
INFO: [ app_init ] --START--
INFO: Run Behavior\BuildLiteBehavior [ RunTime:0.000025s ]
INFO: [ app_init ] --END-- [ RunTime:0.000598s ]
INFO: [ app_begin ] --START--
INFO: Run Behavior\ReadHtmlCacheBehavior [ RunTime:0.000655s ]
INFO: [ app_begin ] --END-- [ RunTime:0.000765s ]
SQL: SHOW COLUMNS FROM `system` [ RunTime:0.0050s ]
SQL: SELECT * FROM `system` WHERE `guidea` = '地方特产'  [ RunTime:0.0006s ]
SQL: SELECT * FROM `system` WHERE `guidea` = '地方特产' GROUP BY guideb ORDER BY sysid asc  [ RunTime:0.0008s ]
SQL: SELECT * FROM `system` WHERE `guideb` = '武汉' ORDER BY sysid asc  [ RunTime:0.0006s ]
SQL: SELECT * FROM `system` WHERE `guideb` = '北京' ORDER BY sysid asc  [ RunTime:0.0005s ]
SQL: SELECT * FROM `system` WHERE `guideb` = '上海' ORDER BY sysid asc  [ RunTime:0.0006s ]
SQL: SELECT * FROM `system` WHERE `guideb` = '西安' ORDER BY sysid asc  [ RunTime:0.0006s ]
SQL: SELECT * FROM `system` WHERE `guideb` = '成都' ORDER BY sysid asc  [ RunTime:0.0008s ]
SQL: SELECT * FROM `system` WHERE `guideb` = '杭州' ORDER BY sysid asc  [ RunTime:0.0005s ]
SQL: SELECT * FROM `system` WHERE `guideb` = '广州' ORDER BY sysid asc  [ RunTime:0.0004s ]
SQL: SELECT * FROM `system` WHERE `guideb` = '南京' ORDER BY sysid asc  [ RunTime:0.0005s ]

[ 2016-07-11T22:51:33+08:00 ] ::1 /eMarket/index.php/Home/Index/side
INFO: [ app_init ] --START--
INFO: Run Behavior\BuildLiteBehavior [ RunTime:0.000060s ]
INFO: [ app_init ] --END-- [ RunTime:0.000958s ]
INFO: [ app_begin ] --START--
INFO: Run Behavior\ReadHtmlCacheBehavior [ RunTime:0.000723s ]
INFO: [ app_begin ] --END-- [ RunTime:0.000842s ]
SQL: SHOW COLUMNS FROM `system` [ RunTime:0.0054s ]
SQL: SELECT * FROM `system` WHERE `guidea` = '进口食品'  [ RunTime:0.0006s ]
SQL: SELECT * FROM `system` WHERE `guidea` = '进口食品' GROUP BY guideb ORDER BY sysid asc  [ RunTime:0.0007s ]
SQL: SELECT * FROM `system` WHERE `guideb` = '巧克力' ORDER BY sysid asc  [ RunTime:0.0006s ]
SQL: SELECT * FROM `system` WHERE `guideb` = '奶粉' ORDER BY sysid asc  [ RunTime:0.0005s ]
SQL: SELECT * FROM `system` WHERE `guideb` = '饼干' ORDER BY sysid asc  [ RunTime:0.0005s ]

[ 2016-07-11T22:51:33+08:00 ] ::1 /eMarket/index.php/Home/Index/side
INFO: [ app_init ] --START--
INFO: Run Behavior\BuildLiteBehavior [ RunTime:0.000030s ]
INFO: [ app_init ] --END-- [ RunTime:0.000709s ]
INFO: [ app_begin ] --START--
INFO: Run Behavior\ReadHtmlCacheBehavior [ RunTime:0.000632s ]
INFO: [ app_begin ] --END-- [ RunTime:0.000754s ]
SQL: SHOW COLUMNS FROM `system` [ RunTime:0.0057s ]
SQL: SELECT * FROM `system` WHERE `guidea` = '海鲜水产'  [ RunTime:0.0005s ]
SQL: SELECT * FROM `system` WHERE `guidea` = '海鲜水产' GROUP BY guideb ORDER BY sysid asc  [ RunTime:0.0008s ]
SQL: SELECT * FROM `system` WHERE `guideb` = '虾类' ORDER BY sysid asc  [ RunTime:0.0007s ]
SQL: SELECT * FROM `system` WHERE `guideb` = '鱼类' ORDER BY sysid asc  [ RunTime:0.0005s ]
SQL: SELECT * FROM `system` WHERE `guideb` = '蟹类' ORDER BY sysid asc  [ RunTime:0.0005s ]
SQL: SELECT * FROM `system` WHERE `guideb` = '贝类' ORDER BY sysid asc  [ RunTime:0.0005s ]
SQL: SELECT * FROM `system` WHERE `guideb` = '菜类' ORDER BY sysid asc  [ RunTime:0.0005s ]

[ 2016-07-11T22:51:35+08:00 ] ::1 /eMarket/index.php/Home/Index/side
INFO: [ app_init ] --START--
INFO: Run Behavior\BuildLiteBehavior [ RunTime:0.000028s ]
INFO: [ app_init ] --END-- [ RunTime:0.000692s ]
INFO: [ app_begin ] --START--
INFO: Run Behavior\ReadHtmlCacheBehavior [ RunTime:0.000672s ]
INFO: [ app_begin ] --END-- [ RunTime:0.000777s ]
SQL: SHOW COLUMNS FROM `system` [ RunTime:0.0042s ]
SQL: SELECT * FROM `system` WHERE `guidea` = '进口食品'  [ RunTime:0.0006s ]
SQL: SELECT * FROM `system` WHERE `guidea` = '进口食品' GROUP BY guideb ORDER BY sysid asc  [ RunTime:0.0007s ]
SQL: SELECT * FROM `system` WHERE `guideb` = '巧克力' ORDER BY sysid asc  [ RunTime:0.0005s ]
SQL: SELECT * FROM `system` WHERE `guideb` = '奶粉' ORDER BY sysid asc  [ RunTime:0.0005s ]
SQL: SELECT * FROM `system` WHERE `guideb` = '饼干' ORDER BY sysid asc  [ RunTime:0.0005s ]

[ 2016-07-11T22:51:44+08:00 ] ::1 /eMarket/index.php/Home/Index/index
INFO: [ app_init ] --START--
INFO: Run Behavior\BuildLiteBehavior [ RunTime:0.000028s ]
INFO: [ app_init ] --END-- [ RunTime:0.000679s ]
INFO: [ app_begin ] --START--
INFO: Run Behavior\ReadHtmlCacheBehavior [ RunTime:0.000679s ]
INFO: [ app_begin ] --END-- [ RunTime:0.000798s ]
INFO: [ view_parse ] --START--
INFO: [ template_filter ] --START--
INFO: Run Behavior\ContentReplaceBehavior [ RunTime:0.000236s ]
INFO: [ template_filter ] --END-- [ RunTime:0.000379s ]
INFO: Run Behavior\ParseTemplateBehavior [ RunTime:0.013336s ]
INFO: [ view_parse ] --END-- [ RunTime:0.013471s ]
INFO: [ view_filter ] --START--
INFO: Run Behavior\WriteHtmlCacheBehavior [ RunTime:0.000399s ]
INFO: [ view_filter ] --END-- [ RunTime:0.000509s ]
INFO: [ app_end ] --START--
INFO: Run Behavior\ShowPageTraceBehavior [ RunTime:0.000996s ]
INFO: [ app_end ] --END-- [ RunTime:0.001177s ]

[ 2016-07-11T22:51:45+08:00 ] ::1 /eMarket/index.php/Home/Index/side
INFO: [ app_init ] --START--
INFO: Run Behavior\BuildLiteBehavior [ RunTime:0.000030s ]
INFO: [ app_init ] --END-- [ RunTime:0.000645s ]
INFO: [ app_begin ] --START--
INFO: Run Behavior\ReadHtmlCacheBehavior [ RunTime:0.000755s ]
INFO: [ app_begin ] --END-- [ RunTime:0.000887s ]
SQL: SHOW COLUMNS FROM `system` [ RunTime:0.0062s ]
SQL: SELECT * FROM `system` WHERE `guidea` = '水果'  [ RunTime:0.0007s ]
SQL: SELECT * FROM `system` WHERE `guidea` = '水果' GROUP BY guideb ORDER BY sysid asc  [ RunTime:0.0008s ]
SQL: SELECT * FROM `system` WHERE `guideb` = '苹果' ORDER BY sysid asc  [ RunTime:0.0005s ]
SQL: SELECT * FROM `system` WHERE `guideb` = '香蕉' ORDER BY sysid asc  [ RunTime:0.0005s ]
SQL: SELECT * FROM `system` WHERE `guideb` = '桃子' ORDER BY sysid asc  [ RunTime:0.0005s ]
SQL: SELECT * FROM `system` WHERE `guideb` = '樱桃' ORDER BY sysid asc  [ RunTime:0.0005s ]
SQL: SELECT * FROM `system` WHERE `guideb` = '西瓜' ORDER BY sysid asc  [ RunTime:0.0005s ]
SQL: SELECT * FROM `system` WHERE `guideb` = '橘子' ORDER BY sysid asc  [ RunTime:0.0005s ]
SQL: SELECT * FROM `system` WHERE `guideb` = '梨子' ORDER BY sysid asc  [ RunTime:0.0005s ]

[ 2016-07-11T22:51:46+08:00 ] ::1 /eMarket/index.php/Home/Index/side
INFO: [ app_init ] --START--
INFO: Run Behavior\BuildLiteBehavior [ RunTime:0.000056s ]
INFO: [ app_init ] --END-- [ RunTime:0.000828s ]
INFO: [ app_begin ] --START--
INFO: Run Behavior\ReadHtmlCacheBehavior [ RunTime:0.000836s ]
INFO: [ app_begin ] --END-- [ RunTime:0.001032s ]
SQL: SHOW COLUMNS FROM `system` [ RunTime:0.0045s ]
SQL: SELECT * FROM `system` WHERE `guidea` = '家常菜'  [ RunTime:0.0005s ]
SQL: SELECT * FROM `system` WHERE `guidea` = '家常菜' GROUP BY guideb ORDER BY sysid asc  [ RunTime:0.0006s ]
SQL: SELECT * FROM `system` WHERE `guideb` = '青菜类' ORDER BY sysid asc  [ RunTime:0.0006s ]
SQL: SELECT * FROM `system` WHERE `guideb` = '瓜类' ORDER BY sysid asc  [ RunTime:0.0006s ]
SQL: SELECT * FROM `system` WHERE `guideb` = '蘑菇类' ORDER BY sysid asc  [ RunTime:0.0007s ]
SQL: SELECT * FROM `system` WHERE `guideb` = '腌菜类' ORDER BY sysid asc  [ RunTime:0.0005s ]

[ 2016-07-11T22:51:46+08:00 ] ::1 /eMarket/index.php/Home/Index/side
INFO: [ app_init ] --START--
INFO: Run Behavior\BuildLiteBehavior [ RunTime:0.000029s ]
INFO: [ app_init ] --END-- [ RunTime:0.000567s ]
INFO: [ app_begin ] --START--
INFO: Run Behavior\ReadHtmlCacheBehavior [ RunTime:0.000764s ]
INFO: [ app_begin ] --END-- [ RunTime:0.000955s ]
SQL: SHOW COLUMNS FROM `system` [ RunTime:0.0045s ]
SQL: SELECT * FROM `system` WHERE `guidea` = '水果'  [ RunTime:0.0006s ]
SQL: SELECT * FROM `system` WHERE `guidea` = '水果' GROUP BY guideb ORDER BY sysid asc  [ RunTime:0.0008s ]
SQL: SELECT * FROM `system` WHERE `guideb` = '苹果' ORDER BY sysid asc  [ RunTime:0.0011s ]
SQL: SELECT * FROM `system` WHERE `guideb` = '香蕉' ORDER BY sysid asc  [ RunTime:0.0005s ]
SQL: SELECT * FROM `system` WHERE `guideb` = '桃子' ORDER BY sysid asc  [ RunTime:0.0005s ]
SQL: SELECT * FROM `system` WHERE `guideb` = '樱桃' ORDER BY sysid asc  [ RunTime:0.0006s ]
SQL: SELECT * FROM `system` WHERE `guideb` = '西瓜' ORDER BY sysid asc  [ RunTime:0.0005s ]
SQL: SELECT * FROM `system` WHERE `guideb` = '橘子' ORDER BY sysid asc  [ RunTime:0.0005s ]
SQL: SELECT * FROM `system` WHERE `guideb` = '梨子' ORDER BY sysid asc  [ RunTime:0.0005s ]

[ 2016-07-11T22:52:00+08:00 ] ::1 /eMarket/index.php/Home/Index/index
INFO: [ app_init ] --START--
INFO: Run Behavior\BuildLiteBehavior [ RunTime:0.000025s ]
INFO: [ app_init ] --END-- [ RunTime:0.000611s ]
INFO: [ app_begin ] --START--
INFO: Run Behavior\ReadHtmlCacheBehavior [ RunTime:0.000654s ]
INFO: [ app_begin ] --END-- [ RunTime:0.000772s ]
INFO: [ view_parse ] --START--
INFO: [ template_filter ] --START--
INFO: Run Behavior\ContentReplaceBehavior [ RunTime:0.000222s ]
INFO: [ template_filter ] --END-- [ RunTime:0.000349s ]
INFO: Run Behavior\ParseTemplateBehavior [ RunTime:0.013226s ]
INFO: [ view_parse ] --END-- [ RunTime:0.013350s ]
INFO: [ view_filter ] --START--
INFO: Run Behavior\WriteHtmlCacheBehavior [ RunTime:0.000517s ]
INFO: [ view_filter ] --END-- [ RunTime:0.000626s ]
INFO: [ app_end ] --START--
INFO: Run Behavior\ShowPageTraceBehavior [ RunTime:0.000787s ]
INFO: [ app_end ] --END-- [ RunTime:0.000926s ]

[ 2016-07-11T22:52:24+08:00 ] ::1 /eMarket/index.php/Home/Index/index
INFO: [ app_init ] --START--
INFO: Run Behavior\BuildLiteBehavior [ RunTime:0.000034s ]
INFO: [ app_init ] --END-- [ RunTime:0.000861s ]
INFO: [ app_begin ] --START--
INFO: Run Behavior\ReadHtmlCacheBehavior [ RunTime:0.000971s ]
INFO: [ app_begin ] --END-- [ RunTime:0.001162s ]
INFO: [ view_parse ] --START--
INFO: [ template_filter ] --START--
INFO: Run Behavior\ContentReplaceBehavior [ RunTime:0.000354s ]
INFO: [ template_filter ] --END-- [ RunTime:0.000581s ]
INFO: Run Behavior\ParseTemplateBehavior [ RunTime:0.015476s ]
INFO: [ view_parse ] --END-- [ RunTime:0.015649s ]
INFO: [ view_filter ] --START--
INFO: Run Behavior\WriteHtmlCacheBehavior [ RunTime:0.000572s ]
INFO: [ view_filter ] --END-- [ RunTime:0.000725s ]
INFO: [ app_end ] --START--
INFO: Run Behavior\ShowPageTraceBehavior [ RunTime:0.001016s ]
INFO: [ app_end ] --END-- [ RunTime:0.001204s ]

[ 2016-07-11T22:52:35+08:00 ] ::1 /eMarket/index.php/Home/Login/login.html
INFO: [ app_init ] --START--
INFO: Run Behavior\BuildLiteBehavior [ RunTime:0.000028s ]
INFO: [ app_init ] --END-- [ RunTime:0.000655s ]
INFO: [ app_begin ] --START--
INFO: Run Behavior\ReadHtmlCacheBehavior [ RunTime:0.000731s ]
INFO: [ app_begin ] --END-- [ RunTime:0.000856s ]
INFO: [ view_parse ] --START--
INFO: [ template_filter ] --START--
INFO: Run Behavior\ContentReplaceBehavior [ RunTime:0.000114s ]
INFO: [ template_filter ] --END-- [ RunTime:0.000257s ]
NOTIC: [8] Undefined variable: nav D:\wamp\www\eMarket\Application\Runtime\Cache\Home\50c9f5d2ef37c2cf131d5cf1381d3a4b.php 第 22 行.
NOTIC: [8] Undefined variable: nav D:\wamp\www\eMarket\Application\Runtime\Cache\Home\50c9f5d2ef37c2cf131d5cf1381d3a4b.php 第 22 行.
NOTIC: [8] Undefined variable: nav D:\wamp\www\eMarket\Application\Runtime\Cache\Home\50c9f5d2ef37c2cf131d5cf1381d3a4b.php 第 23 行.
NOTIC: [8] Undefined variable: nav D:\wamp\www\eMarket\Application\Runtime\Cache\Home\50c9f5d2ef37c2cf131d5cf1381d3a4b.php 第 23 行.
INFO: Run Behavior\ParseTemplateBehavior [ RunTime:0.010045s ]
INFO: [ view_parse ] --END-- [ RunTime:0.010186s ]
INFO: [ view_filter ] --START--
INFO: Run Behavior\WriteHtmlCacheBehavior [ RunTime:0.000448s ]
INFO: [ view_filter ] --END-- [ RunTime:0.000556s ]
INFO: [ app_end ] --START--
INFO: Run Behavior\ShowPageTraceBehavior [ RunTime:0.000692s ]
INFO: [ app_end ] --END-- [ RunTime:0.000802s ]

[ 2016-07-11T22:52:37+08:00 ] ::1 /eMarket/index.php/Home/Index/index
INFO: [ app_init ] --START--
INFO: Run Behavior\BuildLiteBehavior [ RunTime:0.000026s ]
INFO: [ app_init ] --END-- [ RunTime:0.000655s ]
INFO: [ app_begin ] --START--
INFO: Run Behavior\ReadHtmlCacheBehavior [ RunTime:0.000720s ]
INFO: [ app_begin ] --END-- [ RunTime:0.000844s ]
INFO: [ view_parse ] --START--
INFO: [ template_filter ] --START--
INFO: Run Behavior\ContentReplaceBehavior [ RunTime:0.000232s ]
INFO: [ template_filter ] --END-- [ RunTime:0.000368s ]
INFO: Run Behavior\ParseTemplateBehavior [ RunTime:0.018008s ]
INFO: [ view_parse ] --END-- [ RunTime:0.018387s ]
INFO: [ view_filter ] --START--
INFO: Run Behavior\WriteHtmlCacheBehavior [ RunTime:0.001103s ]
INFO: [ view_filter ] --END-- [ RunTime:0.001274s ]
INFO: [ app_end ] --START--
INFO: Run Behavior\ShowPageTraceBehavior [ RunTime:0.000816s ]
INFO: [ app_end ] --END-- [ RunTime:0.001000s ]

[ 2016-07-11T22:54:01+08:00 ] ::1 /eMarket/index.php/Home/Index/index
INFO: [ app_init ] --START--
INFO: Run Behavior\BuildLiteBehavior [ RunTime:0.000030s ]
INFO: [ app_init ] --END-- [ RunTime:0.000566s ]
INFO: [ app_begin ] --START--
INFO: Run Behavior\ReadHtmlCacheBehavior [ RunTime:0.000629s ]
INFO: [ app_begin ] --END-- [ RunTime:0.000769s ]
INFO: [ view_parse ] --START--
INFO: [ template_filter ] --START--
INFO: Run Behavior\ContentReplaceBehavior [ RunTime:0.000245s ]
INFO: [ template_filter ] --END-- [ RunTime:0.000388s ]
INFO: Run Behavior\ParseTemplateBehavior [ RunTime:0.017013s ]
INFO: [ view_parse ] --END-- [ RunTime:0.017163s ]
INFO: [ view_filter ] --START--
INFO: Run Behavior\WriteHtmlCacheBehavior [ RunTime:0.000414s ]
INFO: [ view_filter ] --END-- [ RunTime:0.000531s ]
INFO: [ app_end ] --START--
INFO: Run Behavior\ShowPageTraceBehavior [ RunTime:0.001499s ]
INFO: [ app_end ] --END-- [ RunTime:0.001722s ]

[ 2016-07-11T22:54:02+08:00 ] ::1 /eMarket/index.php/Home/Login/logout.html
INFO: [ app_init ] --START--
INFO: Run Behavior\BuildLiteBehavior [ RunTime:0.000029s ]
INFO: [ app_init ] --END-- [ RunTime:0.000558s ]
INFO: [ app_begin ] --START--
INFO: Run Behavior\ReadHtmlCacheBehavior [ RunTime:0.000660s ]
INFO: [ app_begin ] --END-- [ RunTime:0.000794s ]
ERR: Think\Controller:direct方法不存在！

[ 2016-07-11T22:54:14+08:00 ] ::1 /eMarket/index.php/Home/Index/index
INFO: [ app_init ] --START--
INFO: Run Behavior\BuildLiteBehavior [ RunTime:0.000032s ]
INFO: [ app_init ] --END-- [ RunTime:0.000581s ]
INFO: [ app_begin ] --START--
INFO: Run Behavior\ReadHtmlCacheBehavior [ RunTime:0.000680s ]
INFO: [ app_begin ] --END-- [ RunTime:0.000806s ]
INFO: [ view_parse ] --START--
INFO: [ template_filter ] --START--
INFO: Run Behavior\ContentReplaceBehavior [ RunTime:0.000211s ]
INFO: [ template_filter ] --END-- [ RunTime:0.000341s ]
INFO: Run Behavior\ParseTemplateBehavior [ RunTime:0.013965s ]
INFO: [ view_parse ] --END-- [ RunTime:0.014096s ]
INFO: [ view_filter ] --START--
INFO: Run Behavior\WriteHtmlCacheBehavior [ RunTime:0.000498s ]
INFO: [ view_filter ] --END-- [ RunTime:0.000619s ]
INFO: [ app_end ] --START--
INFO: Run Behavior\ShowPageTraceBehavior [ RunTime:0.000869s ]
INFO: [ app_end ] --END-- [ RunTime:0.001040s ]

[ 2016-07-11T22:54:16+08:00 ] ::1 /eMarket/index.php/Home/Login/login.html
INFO: [ app_init ] --START--
INFO: Run Behavior\BuildLiteBehavior [ RunTime:0.000029s ]
INFO: [ app_init ] --END-- [ RunTime:0.000543s ]
INFO: [ app_begin ] --START--
INFO: Run Behavior\ReadHtmlCacheBehavior [ RunTime:0.000622s ]
INFO: [ app_begin ] --END-- [ RunTime:0.000751s ]
INFO: [ view_parse ] --START--
INFO: [ template_filter ] --START--
INFO: Run Behavior\ContentReplaceBehavior [ RunTime:0.000102s ]
INFO: [ template_filter ] --END-- [ RunTime:0.000230s ]
NOTIC: [8] Undefined variable: nav D:\wamp\www\eMarket\Application\Runtime\Cache\Home\50c9f5d2ef37c2cf131d5cf1381d3a4b.php 第 22 行.
NOTIC: [8] Undefined variable: nav D:\wamp\www\eMarket\Application\Runtime\Cache\Home\50c9f5d2ef37c2cf131d5cf1381d3a4b.php 第 22 行.
NOTIC: [8] Undefined variable: nav D:\wamp\www\eMarket\Application\Runtime\Cache\Home\50c9f5d2ef37c2cf131d5cf1381d3a4b.php 第 23 行.
NOTIC: [8] Undefined variable: nav D:\wamp\www\eMarket\Application\Runtime\Cache\Home\50c9f5d2ef37c2cf131d5cf1381d3a4b.php 第 23 行.
INFO: Run Behavior\ParseTemplateBehavior [ RunTime:0.009573s ]
INFO: [ view_parse ] --END-- [ RunTime:0.009697s ]
INFO: [ view_filter ] --START--
INFO: Run Behavior\WriteHtmlCacheBehavior [ RunTime:0.000511s ]
INFO: [ view_filter ] --END-- [ RunTime:0.000625s ]
INFO: [ app_end ] --START--
INFO: Run Behavior\ShowPageTraceBehavior [ RunTime:0.000974s ]
INFO: [ app_end ] --END-- [ RunTime:0.001167s ]

[ 2016-07-11T22:54:21+08:00 ] ::1 /eMarket/index.php/Home/Login/do_login
INFO: [ app_init ] --START--
INFO: Run Behavior\BuildLiteBehavior [ RunTime:0.000028s ]
INFO: [ app_init ] --END-- [ RunTime:0.000596s ]
INFO: [ app_begin ] --START--
INFO: Run Behavior\ReadHtmlCacheBehavior [ RunTime:0.000713s ]
INFO: [ app_begin ] --END-- [ RunTime:0.000849s ]
SQL: select * from user where (username='aaa' and password='aaa') or (tel='aaa' and password='aaa') or (email='aaa' and password='aaa') [ RunTime:0.0006s ]
INFO: [ app_end ] --START--
INFO: Run Behavior\ShowPageTraceBehavior [ RunTime:0.000930s ]
INFO: [ app_end ] --END-- [ RunTime:0.001100s ]

[ 2016-07-11T22:54:21+08:00 ] ::1 /eMarket/index.php/Home/Index/index
INFO: [ app_init ] --START--
INFO: Run Behavior\BuildLiteBehavior [ RunTime:0.000028s ]
INFO: [ app_init ] --END-- [ RunTime:0.000606s ]
INFO: [ app_begin ] --START--
INFO: Run Behavior\ReadHtmlCacheBehavior [ RunTime:0.000663s ]
INFO: [ app_begin ] --END-- [ RunTime:0.000817s ]
INFO: [ view_parse ] --START--
INFO: [ template_filter ] --START--
INFO: Run Behavior\ContentReplaceBehavior [ RunTime:0.000306s ]
INFO: [ template_filter ] --END-- [ RunTime:0.000430s ]
INFO: Run Behavior\ParseTemplateBehavior [ RunTime:0.015946s ]
INFO: [ view_parse ] --END-- [ RunTime:0.016152s ]
INFO: [ view_filter ] --START--
INFO: Run Behavior\WriteHtmlCacheBehavior [ RunTime:0.000469s ]
INFO: [ view_filter ] --END-- [ RunTime:0.000587s ]
INFO: [ app_end ] --START--
INFO: Run Behavior\ShowPageTraceBehavior [ RunTime:0.000882s ]
INFO: [ app_end ] --END-- [ RunTime:0.001055s ]

[ 2016-07-11T22:54:21+08:00 ] ::1 /eMarket/index.php/Home/Index/side
INFO: [ app_init ] --START--
INFO: Run Behavior\BuildLiteBehavior [ RunTime:0.000051s ]
INFO: [ app_init ] --END-- [ RunTime:0.000814s ]
INFO: [ app_begin ] --START--
INFO: Run Behavior\ReadHtmlCacheBehavior [ RunTime:0.000649s ]
INFO: [ app_begin ] --END-- [ RunTime:0.000755s ]
SQL: SHOW COLUMNS FROM `system` [ RunTime:0.0057s ]
SQL: SELECT * FROM `system` WHERE `guidea` = '水果'  [ RunTime:0.0007s ]
SQL: SELECT * FROM `system` WHERE `guidea` = '水果' GROUP BY guideb ORDER BY sysid asc  [ RunTime:0.0008s ]
SQL: SELECT * FROM `system` WHERE `guideb` = '苹果' ORDER BY sysid asc  [ RunTime:0.0006s ]
SQL: SELECT * FROM `system` WHERE `guideb` = '香蕉' ORDER BY sysid asc  [ RunTime:0.0007s ]
SQL: SELECT * FROM `system` WHERE `guideb` = '桃子' ORDER BY sysid asc  [ RunTime:0.0005s ]
SQL: SELECT * FROM `system` WHERE `guideb` = '樱桃' ORDER BY sysid asc  [ RunTime:0.0005s ]
SQL: SELECT * FROM `system` WHERE `guideb` = '西瓜' ORDER BY sysid asc  [ RunTime:0.0005s ]
SQL: SELECT * FROM `system` WHERE `guideb` = '橘子' ORDER BY sysid asc  [ RunTime:0.0004s ]
SQL: SELECT * FROM `system` WHERE `guideb` = '梨子' ORDER BY sysid asc  [ RunTime:0.0004s ]

[ 2016-07-11T22:54:22+08:00 ] ::1 /eMarket/index.php/Home/Index/side
INFO: [ app_init ] --START--
INFO: Run Behavior\BuildLiteBehavior [ RunTime:0.000025s ]
INFO: [ app_init ] --END-- [ RunTime:0.000636s ]
INFO: [ app_begin ] --START--
INFO: Run Behavior\ReadHtmlCacheBehavior [ RunTime:0.000656s ]
INFO: [ app_begin ] --END-- [ RunTime:0.000759s ]
SQL: SHOW COLUMNS FROM `system` [ RunTime:0.0046s ]
SQL: SELECT * FROM `system` WHERE `guidea` = '水果'  [ RunTime:0.0008s ]
SQL: SELECT * FROM `system` WHERE `guidea` = '水果' GROUP BY guideb ORDER BY sysid asc  [ RunTime:0.0007s ]
SQL: SELECT * FROM `system` WHERE `guideb` = '苹果' ORDER BY sysid asc  [ RunTime:0.0005s ]
SQL: SELECT * FROM `system` WHERE `guideb` = '香蕉' ORDER BY sysid asc  [ RunTime:0.0005s ]
SQL: SELECT * FROM `system` WHERE `guideb` = '桃子' ORDER BY sysid asc  [ RunTime:0.0006s ]
SQL: SELECT * FROM `system` WHERE `guideb` = '樱桃' ORDER BY sysid asc  [ RunTime:0.0005s ]
SQL: SELECT * FROM `system` WHERE `guideb` = '西瓜' ORDER BY sysid asc  [ RunTime:0.0005s ]
SQL: SELECT * FROM `system` WHERE `guideb` = '橘子' ORDER BY sysid asc  [ RunTime:0.0006s ]
SQL: SELECT * FROM `system` WHERE `guideb` = '梨子' ORDER BY sysid asc  [ RunTime:0.0005s ]

[ 2016-07-11T22:54:22+08:00 ] ::1 /eMarket/index.php/Home/Index/side
INFO: [ app_init ] --START--
INFO: Run Behavior\BuildLiteBehavior [ RunTime:0.000027s ]
INFO: [ app_init ] --END-- [ RunTime:0.000603s ]
INFO: [ app_begin ] --START--
INFO: Run Behavior\ReadHtmlCacheBehavior [ RunTime:0.000675s ]
INFO: [ app_begin ] --END-- [ RunTime:0.000782s ]
SQL: SHOW COLUMNS FROM `system` [ RunTime:0.0051s ]
SQL: SELECT * FROM `system` WHERE `guidea` = '家常菜'  [ RunTime:0.0005s ]
SQL: SELECT * FROM `system` WHERE `guidea` = '家常菜' GROUP BY guideb ORDER BY sysid asc  [ RunTime:0.0007s ]
SQL: SELECT * FROM `system` WHERE `guideb` = '青菜类' ORDER BY sysid asc  [ RunTime:0.0005s ]
SQL: SELECT * FROM `system` WHERE `guideb` = '瓜类' ORDER BY sysid asc  [ RunTime:0.0005s ]
SQL: SELECT * FROM `system` WHERE `guideb` = '蘑菇类' ORDER BY sysid asc  [ RunTime:0.0005s ]
SQL: SELECT * FROM `system` WHERE `guideb` = '腌菜类' ORDER BY sysid asc  [ RunTime:0.0005s ]

[ 2016-07-11T22:54:22+08:00 ] ::1 /eMarket/index.php/Home/Index/side
INFO: [ app_init ] --START--
INFO: Run Behavior\BuildLiteBehavior [ RunTime:0.000026s ]
INFO: [ app_init ] --END-- [ RunTime:0.000595s ]
INFO: [ app_begin ] --START--
INFO: Run Behavior\ReadHtmlCacheBehavior [ RunTime:0.001142s ]
INFO: [ app_begin ] --END-- [ RunTime:0.001378s ]
SQL: SHOW COLUMNS FROM `system` [ RunTime:0.0046s ]
SQL: SELECT * FROM `system` WHERE `guidea` = '水果'  [ RunTime:0.0010s ]
SQL: SELECT * FROM `system` WHERE `guidea` = '水果' GROUP BY guideb ORDER BY sysid asc  [ RunTime:0.0007s ]
SQL: SELECT * FROM `system` WHERE `guideb` = '苹果' ORDER BY sysid asc  [ RunTime:0.0005s ]
SQL: SELECT * FROM `system` WHERE `guideb` = '香蕉' ORDER BY sysid asc  [ RunTime:0.0007s ]
SQL: SELECT * FROM `system` WHERE `guideb` = '桃子' ORDER BY sysid asc  [ RunTime:0.0007s ]
SQL: SELECT * FROM `system` WHERE `guideb` = '樱桃' ORDER BY sysid asc  [ RunTime:0.0005s ]
SQL: SELECT * FROM `system` WHERE `guideb` = '西瓜' ORDER BY sysid asc  [ RunTime:0.0005s ]
SQL: SELECT * FROM `system` WHERE `guideb` = '橘子' ORDER BY sysid asc  [ RunTime:0.0005s ]
SQL: SELECT * FROM `system` WHERE `guideb` = '梨子' ORDER BY sysid asc  [ RunTime:0.0005s ]

[ 2016-07-11T22:54:24+08:00 ] ::1 /eMarket/index.php/Home/Login/logout.html
INFO: [ app_init ] --START--
INFO: Run Behavior\BuildLiteBehavior [ RunTime:0.000046s ]
INFO: [ app_init ] --END-- [ RunTime:0.000762s ]
INFO: [ app_begin ] --START--
INFO: Run Behavior\ReadHtmlCacheBehavior [ RunTime:0.000672s ]
INFO: [ app_begin ] --END-- [ RunTime:0.000793s ]

[ 2016-07-11T22:54:25+08:00 ] ::1 /eMarket/index.php/Home/Login/login.html
INFO: [ app_init ] --START--
INFO: Run Behavior\BuildLiteBehavior [ RunTime:0.000029s ]
INFO: [ app_init ] --END-- [ RunTime:0.000681s ]
INFO: [ app_begin ] --START--
INFO: Run Behavior\ReadHtmlCacheBehavior [ RunTime:0.000766s ]
INFO: [ app_begin ] --END-- [ RunTime:0.000927s ]
INFO: [ view_parse ] --START--
INFO: [ template_filter ] --START--
INFO: Run Behavior\ContentReplaceBehavior [ RunTime:0.000187s ]
INFO: [ template_filter ] --END-- [ RunTime:0.000345s ]
NOTIC: [8] Undefined variable: nav D:\wamp\www\eMarket\Application\Runtime\Cache\Home\50c9f5d2ef37c2cf131d5cf1381d3a4b.php 第 22 行.
NOTIC: [8] Undefined variable: nav D:\wamp\www\eMarket\Application\Runtime\Cache\Home\50c9f5d2ef37c2cf131d5cf1381d3a4b.php 第 22 行.
NOTIC: [8] Undefined variable: nav D:\wamp\www\eMarket\Application\Runtime\Cache\Home\50c9f5d2ef37c2cf131d5cf1381d3a4b.php 第 23 行.
NOTIC: [8] Undefined variable: nav D:\wamp\www\eMarket\Application\Runtime\Cache\Home\50c9f5d2ef37c2cf131d5cf1381d3a4b.php 第 23 行.
INFO: Run Behavior\ParseTemplateBehavior [ RunTime:0.009983s ]
INFO: [ view_parse ] --END-- [ RunTime:0.010138s ]
INFO: [ view_filter ] --START--
INFO: Run Behavior\WriteHtmlCacheBehavior [ RunTime:0.000469s ]
INFO: [ view_filter ] --END-- [ RunTime:0.000574s ]
INFO: [ app_end ] --START--
INFO: Run Behavior\ShowPageTraceBehavior [ RunTime:0.000851s ]
INFO: [ app_end ] --END-- [ RunTime:0.001035s ]

[ 2016-07-11T22:54:27+08:00 ] ::1 /eMarket/index.php/Home/Index/index
INFO: [ app_init ] --START--
INFO: Run Behavior\BuildLiteBehavior [ RunTime:0.000044s ]
INFO: [ app_init ] --END-- [ RunTime:0.000704s ]
INFO: [ app_begin ] --START--
INFO: Run Behavior\ReadHtmlCacheBehavior [ RunTime:0.000770s ]
INFO: [ app_begin ] --END-- [ RunTime:0.000944s ]
INFO: [ view_parse ] --START--
INFO: [ template_filter ] --START--
INFO: Run Behavior\ContentReplaceBehavior [ RunTime:0.000206s ]
INFO: [ template_filter ] --END-- [ RunTime:0.000377s ]
INFO: Run Behavior\ParseTemplateBehavior [ RunTime:0.014354s ]
INFO: [ view_parse ] --END-- [ RunTime:0.014522s ]
INFO: [ view_filter ] --START--
INFO: Run Behavior\WriteHtmlCacheBehavior [ RunTime:0.000469s ]
INFO: [ view_filter ] --END-- [ RunTime:0.000578s ]
INFO: [ app_end ] --START--
INFO: Run Behavior\ShowPageTraceBehavior [ RunTime:0.000774s ]
INFO: [ app_end ] --END-- [ RunTime:0.000947s ]

[ 2016-07-11T22:54:29+08:00 ] ::1 /eMarket/index.php/Home/Login/login.html
INFO: [ app_init ] --START--
INFO: Run Behavior\BuildLiteBehavior [ RunTime:0.000037s ]
INFO: [ app_init ] --END-- [ RunTime:0.000886s ]
INFO: [ app_begin ] --START--
INFO: Run Behavior\ReadHtmlCacheBehavior [ RunTime:0.000890s ]
INFO: [ app_begin ] --END-- [ RunTime:0.001098s ]
INFO: [ view_parse ] --START--
INFO: [ template_filter ] --START--
INFO: Run Behavior\ContentReplaceBehavior [ RunTime:0.000282s ]
INFO: [ template_filter ] --END-- [ RunTime:0.000825s ]
NOTIC: [8] Undefined variable: nav D:\wamp\www\eMarket\Application\Runtime\Cache\Home\50c9f5d2ef37c2cf131d5cf1381d3a4b.php 第 22 行.
NOTIC: [8] Undefined variable: nav D:\wamp\www\eMarket\Application\Runtime\Cache\Home\50c9f5d2ef37c2cf131d5cf1381d3a4b.php 第 22 行.
NOTIC: [8] Undefined variable: nav D:\wamp\www\eMarket\Application\Runtime\Cache\Home\50c9f5d2ef37c2cf131d5cf1381d3a4b.php 第 23 行.
NOTIC: [8] Undefined variable: nav D:\wamp\www\eMarket\Application\Runtime\Cache\Home\50c9f5d2ef37c2cf131d5cf1381d3a4b.php 第 23 行.
INFO: Run Behavior\ParseTemplateBehavior [ RunTime:0.014298s ]
INFO: [ view_parse ] --END-- [ RunTime:0.014488s ]
INFO: [ view_filter ] --START--
INFO: Run Behavior\WriteHtmlCacheBehavior [ RunTime:0.000522s ]
INFO: [ view_filter ] --END-- [ RunTime:0.000690s ]
INFO: [ app_end ] --START--
INFO: Run Behavior\ShowPageTraceBehavior [ RunTime:0.000849s ]
INFO: [ app_end ] --END-- [ RunTime:0.000993s ]

[ 2016-07-11T22:54:30+08:00 ] ::1 /eMarket/index.php/Home/Index/index
INFO: [ app_init ] --START--
INFO: Run Behavior\BuildLiteBehavior [ RunTime:0.000028s ]
INFO: [ app_init ] --END-- [ RunTime:0.000567s ]
INFO: [ app_begin ] --START--
INFO: Run Behavior\ReadHtmlCacheBehavior [ RunTime:0.001185s ]
INFO: [ app_begin ] --END-- [ RunTime:0.001447s ]
INFO: [ view_parse ] --START--
INFO: [ template_filter ] --START--
INFO: Run Behavior\ContentReplaceBehavior [ RunTime:0.000354s ]
INFO: [ template_filter ] --END-- [ RunTime:0.000570s ]
INFO: Run Behavior\ParseTemplateBehavior [ RunTime:0.015723s ]
INFO: [ view_parse ] --END-- [ RunTime:0.015877s ]
INFO: [ view_filter ] --START--
INFO: Run Behavior\WriteHtmlCacheBehavior [ RunTime:0.000477s ]
INFO: [ view_filter ] --END-- [ RunTime:0.000593s ]
INFO: [ app_end ] --START--
INFO: Run Behavior\ShowPageTraceBehavior [ RunTime:0.000734s ]
INFO: [ app_end ] --END-- [ RunTime:0.000885s ]

[ 2016-07-11T22:54:31+08:00 ] ::1 /eMarket/index.php/Home/Index/side
INFO: [ app_init ] --START--
INFO: Run Behavior\BuildLiteBehavior [ RunTime:0.000026s ]
INFO: [ app_init ] --END-- [ RunTime:0.000623s ]
INFO: [ app_begin ] --START--
INFO: Run Behavior\ReadHtmlCacheBehavior [ RunTime:0.000608s ]
INFO: [ app_begin ] --END-- [ RunTime:0.000720s ]
SQL: SHOW COLUMNS FROM `system` [ RunTime:0.0045s ]
SQL: SELECT * FROM `system` WHERE `guidea` = '粮油调味'  [ RunTime:0.0005s ]
SQL: SELECT * FROM `system` WHERE `guidea` = '粮油调味' GROUP BY guideb ORDER BY sysid asc  [ RunTime:0.0007s ]
SQL: SELECT * FROM `system` WHERE `guideb` = '食用油' ORDER BY sysid asc  [ RunTime:0.0005s ]
SQL: SELECT * FROM `system` WHERE `guideb` = '调味品' ORDER BY sysid asc  [ RunTime:0.0005s ]
SQL: SELECT * FROM `system` WHERE `guideb` = '方便食品' ORDER BY sysid asc  [ RunTime:0.0005s ]

